Copyright 1986-2022 Xilinx, Inc. All Rights Reserved. Copyright 2022-2024 Advanced Micro Devices, Inc. All Rights Reserved.
---------------------------------------------------------------------------------------------------------------------------------------------
| Tool Version : Vivado v.2024.1 (lin64) Build 5076996 Wed May 22 18:36:09 MDT 2024
| Date         : Sun Dec  8 13:09:55 2024
| Host         : eecs-digital-25 running 64-bit Ubuntu 24.04.1 LTS
| Command      : report_utilization -file obj/post_synth_util.rpt -hierarchical -hierarchical_depth 4
| Design       : top_level
| Device       : xc7s50csga324-1
| Speed File   : -1
| Design State : Synthesized
---------------------------------------------------------------------------------------------------------------------------------------------

Utilization Design Information

Table of Contents
-----------------
1. Utilization by Hierarchy

1. Utilization by Hierarchy
---------------------------

+------------------------+---------------------------------------------------+------------+------------+---------+------+------+--------+--------+------------+
|        Instance        |                       Module                      | Total LUTs | Logic LUTs | LUTRAMs | SRLs |  FFs | RAMB36 | RAMB18 | DSP Blocks |
+------------------------+---------------------------------------------------+------------+------------+---------+------+------+--------+--------+------------+
| top_level              |                                             (top) |       2658 |       2612 |      46 |    0 | 3491 |      5 |      0 |          5 |
|   (top_level)          |                                             (top) |          0 |          0 |       0 |    0 |   35 |      0 |      0 |          0 |
|   blue_ser             |                                   tmds_serializer |          0 |          0 |       0 |    0 |    0 |      0 |      0 |          0 |
|   counter_8khz_trigger |                                           counter |         20 |         20 |       0 |    0 |   32 |      0 |      0 |          0 |
|   free_play            |                                         free_play |        112 |        112 |       0 |    0 |  289 |      0 |      0 |          0 |
|     (free_play)        |                                         free_play |          9 |          9 |       0 |    0 |  273 |      0 |      0 |          0 |
|     note_counter       |                                 key_press_counter |        103 |        103 |       0 |    0 |   16 |      0 |      0 |          0 |
|   green_ser            |                                 tmds_serializer_0 |          0 |          0 |       0 |    0 |    0 |      0 |      0 |          0 |
|   guided_play          |                                       guided_play |        355 |        309 |      46 |    0 |  377 |      0 |      0 |          0 |
|     (guided_play)      |                                       guided_play |        243 |        243 |       0 |    0 |  266 |      0 |      0 |          0 |
|     note_counter       |                               guided_play_counter |         65 |         65 |       0 |    0 |   17 |      0 |      0 |          0 |
|     song1              | xilinx_single_port_ram_read_first__parameterized1 |         25 |          1 |      24 |    0 |   48 |      0 |      0 |          0 |
|     song2              | xilinx_single_port_ram_read_first__parameterized2 |         22 |          0 |      22 |    0 |   46 |      0 |      0 |          0 |
|   instructions         |                                      instructions |         17 |         17 |       0 |    0 |    0 |      2 |      0 |          1 |
|     (instructions)     |                                      instructions |         17 |         17 |       0 |    0 |    0 |      0 |      0 |          1 |
|     image_to_palette   | xilinx_single_port_ram_read_first__parameterized0 |          0 |          0 |       0 |    0 |    0 |      2 |      0 |          0 |
|   mag_gen              |                               coeff_info_gen_mags |        141 |        141 |       0 |    0 |  227 |      0 |      0 |          2 |
|     (mag_gen)          |                               coeff_info_gen_mags |         37 |         37 |       0 |    0 |  102 |      0 |      0 |          0 |
|     info_gen_i         |                              coeff_info_generator |        104 |        104 |       0 |    0 |  125 |      0 |      0 |          2 |
|       (info_gen_i)     |                              coeff_info_generator |         14 |         14 |       0 |    0 |   11 |      0 |      0 |          0 |
|       magnitude        |                                 magnitude_compute |         90 |         90 |       0 |    0 |  114 |      0 |      0 |          2 |
|         (magnitude)    |                                 magnitude_compute |         13 |         13 |       0 |    0 |    2 |      0 |      0 |          2 |
|         sqrt_inst      |                                          sqrt_int |         77 |         77 |       0 |    0 |  112 |      0 |      0 |          0 |
|   metronome_counter    |                                         metronome |          5 |          5 |       0 |    0 |    6 |      0 |      0 |          0 |
|   mhdmicw              |                                 hdmi_clk_wiz_720p |          0 |          0 |       0 |    0 |    0 |      0 |      0 |          0 |
|   mvg                  |                                     video_sig_gen |        848 |        848 |       0 |    0 |   24 |      0 |      0 |          0 |
|   pwm_output           |                                               pwm |         29 |         29 |       0 |    0 |   32 |      0 |      0 |          0 |
|     mc                 |                                         counter_4 |         29 |         29 |       0 |    0 |   32 |      0 |      0 |          0 |
|   red_ser              |                                 tmds_serializer_1 |          1 |          1 |       0 |    0 |    1 |      0 |      0 |          0 |
|   tmds_blue            |                                      tmds_encoder |         42 |         42 |       0 |    0 |   14 |      0 |      0 |          0 |
|   tmds_green           |                                    tmds_encoder_2 |         42 |         42 |       0 |    0 |   14 |      0 |      0 |          0 |
|   tmds_red             |                                    tmds_encoder_3 |         41 |         41 |       0 |    0 |   14 |      0 |      0 |          0 |
|   treble               |                                       treble_clef |         83 |         83 |       0 |    0 |   45 |      3 |      0 |          1 |
|     (treble)           |                                       treble_clef |         78 |         78 |       0 |    0 |   42 |      0 |      0 |          1 |
|     image_to_palette   |                 xilinx_single_port_ram_read_first |          5 |          5 |       0 |    0 |    3 |      3 |      0 |          0 |
|   wav_sum_out          |                                  sine_wave_sum_v2 |        932 |        932 |       0 |    0 | 2381 |      0 |      0 |          1 |
|     (wav_sum_out)      |                                  sine_wave_sum_v2 |        901 |        901 |       0 |    0 | 2381 |      0 |      0 |          1 |
|     sine_wave          |                                 sine_generator_v2 |         31 |         31 |       0 |    0 |    0 |      0 |      0 |          0 |
+------------------------+---------------------------------------------------+------------+------------+---------+------+------+--------+--------+------------+


